info|2019-11-13 07:00:00.208248|[g:1][CONSENSUS]addRawPrepare,height=7,reqIdx=4,hash=4f248f1a...
info|2019-11-13 07:00:00.208539|[g:1][CONSENSUS][PBFT]checkTimeout Succ,view=1118,toView=1119,nodeIdx=1,changeCycle=0,myNode=3ef0811b...,timecost=0.259
info|2019-11-13 07:00:00.220658|[g:1][CONSENSUS][PBFT]checkAndChangeView: Reach consensus,org_view=1118,org_changeCycle=0,cur_changeCycle=0,to_view=1119
info|2019-11-13 07:00:01.222952|[g:1][CONSENSUS]addRawPrepare,height=7,reqIdx=0,hash=d24cd84d...
info|2019-11-13 07:00:01.223243|[g:1][CONSENSUS][PBFT]checkTimeout Succ,view=1119,toView=1120,nodeIdx=1,changeCycle=0,myNode=3ef0811b...,timecost=0.259
info|2019-11-13 07:00:01.231904|[g:1][CONSENSUS][PBFT]checkAndChangeView: Reach consensus,org_view=1119,org_changeCycle=0,cur_changeCycle=0,to_view=1120
info|2019-11-13 07:00:02.232338|[g:1][CONSENSUS][SEALER]++++++++++++++++ Generating seal on,blkNum=7,tx=0,nodeIdx=1,hash=eb4d25dd...
info|2019-11-13 07:00:02.247125|[g:1][CONSENSUS][PBFT]checkTimeout Succ,view=1120,toView=1121,nodeIdx=1,changeCycle=0,myNode=3ef0811b...,timecost=0.265
info|2019-11-13 07:00:02.248855|[g:1][CONSENSUS][PBFT]checkAndChangeView: Reach consensus,org_view=1120,org_changeCycle=0,cur_changeCycle=0,to_view=1121
info|2019-11-13 07:00:03.247737|[g:1][CONSENSUS]addRawPrepare,height=7,reqIdx=2,hash=6a256c21...
info|2019-11-13 07:00:03.248067|[g:1][CONSENSUS][PBFT]checkTimeout Succ,view=1121,toView=1122,nodeIdx=1,changeCycle=0,myNode=3ef0811b...,timecost=0.302
info|2019-11-13 07:00:03.254311|[g:1][CONSENSUS][PBFT]checkAndChangeView: Reach consensus,org_view=1121,org_changeCycle=0,cur_changeCycle=0,to_view=1122
info|2019-11-13 07:00:04.264110|[g:1][CONSENSUS]addRawPrepare,height=7,reqIdx=3,hash=2135ee66...
info|2019-11-13 07:00:04.264528|[g:1][CONSENSUS][PBFT]checkTimeout Succ,view=1122,toView=1123,nodeIdx=1,changeCycle=0,myNode=3ef0811b...,timecost=0.371
info|2019-11-13 07:00:04.274996|[g:1][CONSENSUS][PBFT]checkAndChangeView: Reach consensus,org_view=1122,org_changeCycle=0,cur_changeCycle=0,to_view=1123
info|2019-11-13 07:00:04.627709|[P2P][Service] heartBeat,connected count=4
info|2019-11-13 07:00:05.278757|[g:1][CONSENSUS]addRawPrepare,height=7,reqIdx=4,hash=3096349c...
info|2019-11-13 07:00:05.279097|[g:1][CONSENSUS][PBFT]checkTimeout Succ,view=1123,toView=1124,nodeIdx=1,changeCycle=0,myNode=3ef0811b...,timecost=0.312
info|2019-11-13 07:00:05.287469|[g:1][CONSENSUS][PBFT]checkAndChangeView: Reach consensus,org_view=1123,org_changeCycle=0,cur_changeCycle=0,to_view=1124
info|2019-11-13 07:00:06.294806|[g:1][CONSENSUS]addRawPrepare,height=7,reqIdx=0,hash=60bfdc02...
info|2019-11-13 07:00:06.295123|[g:1][CONSENSUS][PBFT]checkTimeout Succ,view=1124,toView=1125,nodeIdx=1,changeCycle=0,myNode=3ef0811b...,timecost=0.287
info|2019-11-13 07:00:06.297538|[g:1][CONSENSUS][PBFT]checkAndChangeView: Reach consensus,org_view=1124,org_changeCycle=0,cur_changeCycle=0,to_view=1125
info|2019-11-13 07:00:07.301537|[g:1][CONSENSUS][SEALER]++++++++++++++++ Generating seal on,blkNum=7,tx=0,nodeIdx=1,hash=eaa36770...
info|2019-11-13 07:00:07.318076|[g:1][CONSENSUS][PBFT]checkTimeout Succ,view=1125,toView=1126,nodeIdx=1,changeCycle=0,myNode=3ef0811b...,timecost=0.434
info|2019-11-13 07:00:07.320499|[g:1][CONSENSUS][PBFT]checkAndChangeView: Reach consensus,org_view=1125,org_changeCycle=0,cur_changeCycle=0,to_view=1126
info|2019-11-13 07:00:08.320315|[g:1][CONSENSUS]addRawPrepare,height=7,reqIdx=2,hash=6c1b8081...
info|2019-11-13 07:00:08.320753|[g:1][CONSENSUS][PBFT]checkTimeout Succ,view=1126,toView=1127,nodeIdx=1,changeCycle=0,myNode=3ef0811b...,timecost=0.391
info|2019-11-13 07:00:08.328797|[g:1][CONSENSUS][PBFT]checkAndChangeView: Reach consensus,org_view=1126,org_changeCycle=0,cur_changeCycle=0,to_view=1127
info|2019-11-13 07:00:09.343609|[g:1][CONSENSUS]addRawPrepare,height=7,reqIdx=3,hash=a46e289d...
info|2019-11-13 07:00:09.343915|[g:1][CONSENSUS][PBFT]checkTimeout Succ,view=1127,toView=1128,nodeIdx=1,changeCycle=0,myNode=3ef0811b...,timecost=0.271
info|2019-11-13 07:00:09.344848|[g:1][CONSENSUS][PBFT]checkAndChangeView: Reach consensus,org_view=1127,org_changeCycle=0,cur_changeCycle=0,to_view=1128
info|2019-11-13 07:00:10.350026|[g:1][CONSENSUS]addRawPrepare,height=7,reqIdx=4,hash=99c2cad3...
info|2019-11-13 07:00:10.350502|[g:1][CONSENSUS][PBFT]checkTimeout Succ,view=1128,toView=1129,nodeIdx=1,changeCycle=0,myNode=3ef0811b...,timecost=0.428
info|2019-11-13 07:00:10.359966|[g:1][CONSENSUS][PBFT]checkAndChangeView: Reach consensus,org_view=1128,org_changeCycle=0,cur_changeCycle=0,to_view=1129
info|2019-11-13 07:00:11.365655|[g:1][CONSENSUS]addRawPrepare,height=7,reqIdx=0,hash=ce976d4b...
info|2019-11-13 07:00:11.368666|[g:1][CONSENSUS][PBFT]checkTimeout Succ,view=1129,toView=1130,nodeIdx=1,changeCycle=0,myNode=3ef0811b...,timecost=0.44
info|2019-11-13 07:00:11.380689|[g:1][CONSENSUS][PBFT]checkAndChangeView: Reach consensus,org_view=1129,org_changeCycle=0,cur_changeCycle=0,to_view=1130
info|2019-11-13 07:00:12.383767|[g:1][CONSENSUS][SEALER]++++++++++++++++ Generating seal on,blkNum=7,tx=0,nodeIdx=1,hash=854dd223...
info|2019-11-13 07:00:12.399403|[g:1][CONSENSUS][PBFT]checkTimeout Succ,view=1130,toView=1131,nodeIdx=1,changeCycle=0,myNode=3ef0811b...,timecost=0.27
info|2019-11-13 07:00:12.401206|[g:1][CONSENSUS][PBFT]checkAndChangeView: Reach consensus,org_view=1130,org_changeCycle=0,cur_changeCycle=0,to_view=1131
info|2019-11-13 07:00:13.557483|[g:1][CONSENSUS]addRawPrepare,height=7,reqIdx=2,hash=9ddda415...
info|2019-11-13 07:00:13.561925|[g:1][CONSENSUS][PBFT]checkTimeout Succ,view=1131,toView=1132,nodeIdx=1,changeCycle=0,myNode=3ef0811b...,timecost=4.249
info|2019-11-13 07:00:13.579461|[g:1][CONSENSUS][PBFT]checkAndChangeView: Reach consensus,org_view=1131,org_changeCycle=0,cur_changeCycle=0,to_view=1132
info|2019-11-13 07:00:14.587271|[g:1][CONSENSUS]addRawPrepare,height=7,reqIdx=3,hash=7a376a4c...
info|2019-11-13 07:00:14.587576|[g:1][CONSENSUS][PBFT]checkTimeout Succ,view=1132,toView=1133,nodeIdx=1,changeCycle=0,myNode=3ef0811b...,timecost=0.269
info|2019-11-13 07:00:14.596292|[g:1][CONSENSUS][PBFT]checkAndChangeView: Reach consensus,org_view=1132,org_changeCycle=0,cur_changeCycle=0,to_view=1133
info|2019-11-13 07:00:14.628069|[P2P][Service] heartBeat,connected count=4
info|2019-11-13 07:00:15.603640|[g:1][CONSENSUS]addRawPrepare,height=7,reqIdx=4,hash=e4cc2ec4...
info|2019-11-13 07:00:15.603934|[g:1][CONSENSUS][PBFT]checkTimeout Succ,view=1133,toView=1134,nodeIdx=1,changeCycle=0,myNode=3ef0811b...,timecost=0.263
info|2019-11-13 07:00:15.630592|[g:1][CONSENSUS][PBFT]checkAndChangeView: Reach consensus,org_view=1133,org_changeCycle=0,cur_changeCycle=0,to_view=1134
info|2019-11-13 07:00:16.634595|[g:1][CONSENSUS]addRawPrepare,height=7,reqIdx=0,hash=6ef4c4cc...
info|2019-11-13 07:00:16.634921|[g:1][CONSENSUS][PBFT]checkTimeout Succ,view=1134,toView=1135,nodeIdx=1,changeCycle=0,myNode=3ef0811b...,timecost=0.296
info|2019-11-13 07:00:16.643253|[g:1][CONSENSUS][PBFT]checkAndChangeView: Reach consensus,org_view=1134,org_changeCycle=0,cur_changeCycle=0,to_view=1135
