info|2019-11-13 07:00:00.208960|[g:1][CONSENSUS]addRawPrepare,height=7,reqIdx=4,hash=4f248f1a...
info|2019-11-13 07:00:00.209254|[g:1][CONSENSUS][PBFT]checkTimeout Succ,view=1118,toView=1119,nodeIdx=3,changeCycle=0,myNode=d2c13df8...,timecost=0.261
info|2019-11-13 07:00:00.217802|[g:1][CONSENSUS][PBFT]checkAndChangeView: Reach consensus,org_view=1118,org_changeCycle=0,cur_changeCycle=0,to_view=1119
info|2019-11-13 07:00:01.225718|[g:1][CONSENSUS]addRawPrepare,height=7,reqIdx=0,hash=d24cd84d...
info|2019-11-13 07:00:01.226015|[g:1][CONSENSUS][PBFT]checkTimeout Succ,view=1119,toView=1120,nodeIdx=3,changeCycle=0,myNode=d2c13df8...,timecost=0.263
info|2019-11-13 07:00:01.231238|[g:1][CONSENSUS][PBFT]checkAndChangeView: Reach consensus,org_view=1119,org_changeCycle=0,cur_changeCycle=0,to_view=1120
info|2019-11-13 07:00:02.233346|[g:1][CONSENSUS]addRawPrepare,height=7,reqIdx=1,hash=eb4d25dd...
info|2019-11-13 07:00:02.233770|[g:1][CONSENSUS][PBFT]checkTimeout Succ,view=1120,toView=1121,nodeIdx=3,changeCycle=0,myNode=d2c13df8...,timecost=0.297
info|2019-11-13 07:00:02.244951|[g:1][CONSENSUS][PBFT]checkAndChangeView: Reach consensus,org_view=1120,org_changeCycle=0,cur_changeCycle=0,to_view=1121
info|2019-11-13 07:00:03.246989|[g:1][CONSENSUS]addRawPrepare,height=7,reqIdx=2,hash=6a256c21...
info|2019-11-13 07:00:03.247269|[g:1][CONSENSUS][PBFT]checkTimeout Succ,view=1121,toView=1122,nodeIdx=3,changeCycle=0,myNode=d2c13df8...,timecost=0.247
info|2019-11-13 07:00:03.253549|[g:1][CONSENSUS][PBFT]checkAndChangeView: Reach consensus,org_view=1121,org_changeCycle=0,cur_changeCycle=0,to_view=1122
info|2019-11-13 07:00:04.256291|[g:1][CONSENSUS][SEALER]++++++++++++++++ Generating seal on,blkNum=7,tx=0,nodeIdx=3,hash=2135ee66...
info|2019-11-13 07:00:04.277878|[g:1][CONSENSUS][PBFT]checkTimeout Succ,view=1122,toView=1123,nodeIdx=3,changeCycle=0,myNode=d2c13df8...,timecost=0.434
info|2019-11-13 07:00:04.281359|[g:1][CONSENSUS][PBFT]checkAndChangeView: Reach consensus,org_view=1122,org_changeCycle=0,cur_changeCycle=0,to_view=1123
info|2019-11-13 07:00:04.618280|[P2P][Service] heartBeat,connected count=4
info|2019-11-13 07:00:05.281072|[g:1][CONSENSUS]addRawPrepare,height=7,reqIdx=4,hash=3096349c...
info|2019-11-13 07:00:05.281352|[g:1][CONSENSUS][PBFT]checkTimeout Succ,view=1123,toView=1124,nodeIdx=3,changeCycle=0,myNode=d2c13df8...,timecost=0.249
info|2019-11-13 07:00:05.286731|[g:1][CONSENSUS][PBFT]checkAndChangeView: Reach consensus,org_view=1123,org_changeCycle=0,cur_changeCycle=0,to_view=1124
info|2019-11-13 07:00:06.293895|[g:1][CONSENSUS]addRawPrepare,height=7,reqIdx=0,hash=60bfdc02...
info|2019-11-13 07:00:06.294284|[g:1][CONSENSUS][PBFT]checkTimeout Succ,view=1124,toView=1125,nodeIdx=3,changeCycle=0,myNode=d2c13df8...,timecost=0.354
info|2019-11-13 07:00:06.301741|[g:1][CONSENSUS][PBFT]checkAndChangeView: Reach consensus,org_view=1124,org_changeCycle=0,cur_changeCycle=0,to_view=1125
info|2019-11-13 07:00:07.302793|[g:1][CONSENSUS]addRawPrepare,height=7,reqIdx=1,hash=eaa36770...
info|2019-11-13 07:00:07.308883|[g:1][CONSENSUS][PBFT]checkTimeout Succ,view=1125,toView=1126,nodeIdx=3,changeCycle=0,myNode=d2c13df8...,timecost=5.953
info|2019-11-13 07:00:07.314188|[g:1][CONSENSUS][PBFT]checkAndChangeView: Reach consensus,org_view=1125,org_changeCycle=0,cur_changeCycle=0,to_view=1126
info|2019-11-13 07:00:08.321239|[g:1][CONSENSUS]addRawPrepare,height=7,reqIdx=2,hash=6c1b8081...
info|2019-11-13 07:00:08.321539|[g:1][CONSENSUS][PBFT]checkTimeout Succ,view=1126,toView=1127,nodeIdx=3,changeCycle=0,myNode=d2c13df8...,timecost=0.266
info|2019-11-13 07:00:08.325650|[g:1][CONSENSUS][PBFT]checkAndChangeView: Reach consensus,org_view=1126,org_changeCycle=0,cur_changeCycle=0,to_view=1127
info|2019-11-13 07:00:09.333093|[g:1][CONSENSUS][SEALER]++++++++++++++++ Generating seal on,blkNum=7,tx=0,nodeIdx=3,hash=a46e289d...
info|2019-11-13 07:00:09.350789|[g:1][CONSENSUS][PBFT]checkTimeout Succ,view=1127,toView=1128,nodeIdx=3,changeCycle=0,myNode=d2c13df8...,timecost=0.31
info|2019-11-13 07:00:09.352284|[g:1][CONSENSUS][PBFT]checkAndChangeView: Reach consensus,org_view=1127,org_changeCycle=0,cur_changeCycle=0,to_view=1128
info|2019-11-13 07:00:10.353147|[g:1][CONSENSUS][PBFT]Trigger fast-viewchange,view=1128,toView=1128,minView=1129,INFO=,reqNum=6,curNum=6,GenIdx=2,Cview=1129,view=1128,fromIdx=2,fromNode=6b4270c6...,fromIp=127.0.0.1:30302,hash=ffd39756...,nodeIdx=3,myNode=d2c13df8...
info|2019-11-13 07:00:10.353498|[g:1][CONSENSUS][PBFT]checkTimeout Succ,view=1128,toView=1129,nodeIdx=3,changeCycle=0,myNode=d2c13df8...,timecost=0.256
info|2019-11-13 07:00:10.354006|[g:1][CONSENSUS][PBFT]checkAndChangeView: Reach consensus,org_view=1128,org_changeCycle=0,cur_changeCycle=0,to_view=1129
info|2019-11-13 07:00:11.361793|[g:1][CONSENSUS]addRawPrepare,height=7,reqIdx=0,hash=ce976d4b...
info|2019-11-13 07:00:11.362090|[g:1][CONSENSUS][PBFT]checkTimeout Succ,view=1129,toView=1130,nodeIdx=3,changeCycle=0,myNode=d2c13df8...,timecost=0.264
info|2019-11-13 07:00:11.376887|[g:1][CONSENSUS][PBFT]checkAndChangeView: Reach consensus,org_view=1129,org_changeCycle=0,cur_changeCycle=0,to_view=1130
info|2019-11-13 07:00:12.384808|[g:1][CONSENSUS]addRawPrepare,height=7,reqIdx=1,hash=854dd223...
info|2019-11-13 07:00:12.385163|[g:1][CONSENSUS][PBFT]checkTimeout Succ,view=1130,toView=1131,nodeIdx=3,changeCycle=0,myNode=d2c13df8...,timecost=0.252
info|2019-11-13 07:00:12.394959|[g:1][CONSENSUS][PBFT]checkAndChangeView: Reach consensus,org_view=1130,org_changeCycle=0,cur_changeCycle=0,to_view=1131
info|2019-11-13 07:00:13.559279|[g:1][CONSENSUS]addRawPrepare,height=7,reqIdx=2,hash=9ddda415...
info|2019-11-13 07:00:13.566521|[g:1][CONSENSUS][PBFT]checkTimeout Succ,view=1131,toView=1132,nodeIdx=3,changeCycle=0,myNode=d2c13df8...,timecost=6.649
info|2019-11-13 07:00:13.582680|[g:1][CONSENSUS][PBFT]checkAndChangeView: Reach consensus,org_view=1131,org_changeCycle=0,cur_changeCycle=0,to_view=1132
info|2019-11-13 07:00:14.584528|[g:1][CONSENSUS][SEALER]++++++++++++++++ Generating seal on,blkNum=7,tx=0,nodeIdx=3,hash=7a376a4c...
info|2019-11-13 07:00:14.600188|[g:1][CONSENSUS][PBFT]checkTimeout Succ,view=1132,toView=1133,nodeIdx=3,changeCycle=0,myNode=d2c13df8...,timecost=0.317
info|2019-11-13 07:00:14.602387|[g:1][CONSENSUS][PBFT]checkAndChangeView: Reach consensus,org_view=1132,org_changeCycle=0,cur_changeCycle=0,to_view=1133
info|2019-11-13 07:00:14.618619|[P2P][Service] heartBeat,connected count=4
info|2019-11-13 07:00:15.605344|[g:1][CONSENSUS][PBFT]Trigger fast-viewchange,view=1133,toView=1133,minView=1134,INFO=,reqNum=6,curNum=6,GenIdx=2,Cview=1134,view=1133,fromIdx=2,fromNode=6b4270c6...,fromIp=127.0.0.1:30302,hash=ffd39756...,nodeIdx=3,myNode=d2c13df8...
info|2019-11-13 07:00:15.605659|[g:1][CONSENSUS][PBFT]checkTimeout Succ,view=1133,toView=1134,nodeIdx=3,changeCycle=0,myNode=d2c13df8...,timecost=0.244
info|2019-11-13 07:00:15.625525|[g:1][CONSENSUS][PBFT]checkAndChangeView: Reach consensus,org_view=1133,org_changeCycle=0,cur_changeCycle=0,to_view=1134
info|2019-11-13 07:00:16.636748|[g:1][CONSENSUS]addRawPrepare,height=7,reqIdx=0,hash=6ef4c4cc...
info|2019-11-13 07:00:16.637055|[g:1][CONSENSUS][PBFT]checkTimeout Succ,view=1134,toView=1135,nodeIdx=3,changeCycle=0,myNode=d2c13df8...,timecost=0.283
info|2019-11-13 07:00:16.643462|[g:1][CONSENSUS][PBFT]checkAndChangeView: Reach consensus,org_view=1134,org_changeCycle=0,cur_changeCycle=0,to_view=1135
