info|2019-11-13 07:00:00.209714|[g:1][CONSENSUS]addRawPrepare,height=7,reqIdx=4,hash=4f248f1a...
info|2019-11-13 07:00:00.210090|[g:1][CONSENSUS][PBFT]checkTimeout Succ,view=1118,toView=1119,nodeIdx=2,changeCycle=0,myNode=6b4270c6...,timecost=0.333
info|2019-11-13 07:00:00.216551|[g:1][CONSENSUS][PBFT]checkAndChangeView: Reach consensus,org_view=1118,org_changeCycle=0,cur_changeCycle=0,to_view=1119
info|2019-11-13 07:00:01.224259|[g:1][CONSENSUS]addRawPrepare,height=7,reqIdx=0,hash=d24cd84d...
info|2019-11-13 07:00:01.224541|[g:1][CONSENSUS][PBFT]checkTimeout Succ,view=1119,toView=1120,nodeIdx=2,changeCycle=0,myNode=6b4270c6...,timecost=0.254
info|2019-11-13 07:00:01.231998|[g:1][CONSENSUS][PBFT]checkAndChangeView: Reach consensus,org_view=1119,org_changeCycle=0,cur_changeCycle=0,to_view=1120
info|2019-11-13 07:00:02.234914|[g:1][CONSENSUS]addRawPrepare,height=7,reqIdx=1,hash=eb4d25dd...
info|2019-11-13 07:00:02.235205|[g:1][CONSENSUS][PBFT]checkTimeout Succ,view=1120,toView=1121,nodeIdx=2,changeCycle=0,myNode=6b4270c6...,timecost=0.259
info|2019-11-13 07:00:02.242245|[g:1][CONSENSUS][PBFT]checkAndChangeView: Reach consensus,org_view=1120,org_changeCycle=0,cur_changeCycle=0,to_view=1121
info|2019-11-13 07:00:03.244439|[g:1][CONSENSUS][SEALER]++++++++++++++++ Generating seal on,blkNum=7,tx=0,nodeIdx=2,hash=6a256c21...
info|2019-11-13 07:00:03.258728|[g:1][CONSENSUS][PBFT]checkTimeout Succ,view=1121,toView=1122,nodeIdx=2,changeCycle=0,myNode=6b4270c6...,timecost=0.325
info|2019-11-13 07:00:03.260449|[g:1][CONSENSUS][PBFT]checkAndChangeView: Reach consensus,org_view=1121,org_changeCycle=0,cur_changeCycle=0,to_view=1122
info|2019-11-13 07:00:04.258715|[g:1][CONSENSUS]addRawPrepare,height=7,reqIdx=3,hash=2135ee66...
info|2019-11-13 07:00:04.259957|[g:1][CONSENSUS][PBFT]checkTimeout Succ,view=1122,toView=1123,nodeIdx=2,changeCycle=0,myNode=6b4270c6...,timecost=1.029
info|2019-11-13 07:00:04.283631|[g:1][CONSENSUS][PBFT]checkAndChangeView: Reach consensus,org_view=1122,org_changeCycle=0,cur_changeCycle=0,to_view=1123
info|2019-11-13 07:00:04.614696|[P2P][Service] heartBeat,connected count=4
info|2019-11-13 07:00:05.279797|[g:1][CONSENSUS]addRawPrepare,height=7,reqIdx=4,hash=3096349c...
info|2019-11-13 07:00:05.280143|[g:1][CONSENSUS][PBFT]checkTimeout Succ,view=1123,toView=1124,nodeIdx=2,changeCycle=0,myNode=6b4270c6...,timecost=0.32
info|2019-11-13 07:00:05.283433|[g:1][CONSENSUS][PBFT]checkAndChangeView: Reach consensus,org_view=1123,org_changeCycle=0,cur_changeCycle=0,to_view=1124
info|2019-11-13 07:00:06.292659|[g:1][CONSENSUS]addRawPrepare,height=7,reqIdx=0,hash=60bfdc02...
info|2019-11-13 07:00:06.293118|[g:1][CONSENSUS][PBFT]checkTimeout Succ,view=1124,toView=1125,nodeIdx=2,changeCycle=0,myNode=6b4270c6...,timecost=0.41
info|2019-11-13 07:00:06.302361|[g:1][CONSENSUS][PBFT]checkAndChangeView: Reach consensus,org_view=1124,org_changeCycle=0,cur_changeCycle=0,to_view=1125
info|2019-11-13 07:00:07.304369|[g:1][CONSENSUS]addRawPrepare,height=7,reqIdx=1,hash=eaa36770...
info|2019-11-13 07:00:07.304871|[g:1][CONSENSUS][PBFT]checkTimeout Succ,view=1125,toView=1126,nodeIdx=2,changeCycle=0,myNode=6b4270c6...,timecost=0.411
info|2019-11-13 07:00:07.314675|[g:1][CONSENSUS][PBFT]checkAndChangeView: Reach consensus,org_view=1125,org_changeCycle=0,cur_changeCycle=0,to_view=1126
info|2019-11-13 07:00:08.316952|[g:1][CONSENSUS][SEALER]++++++++++++++++ Generating seal on,blkNum=7,tx=0,nodeIdx=2,hash=6c1b8081...
info|2019-11-13 07:00:08.332408|[g:1][CONSENSUS][PBFT]checkTimeout Succ,view=1126,toView=1127,nodeIdx=2,changeCycle=0,myNode=6b4270c6...,timecost=0.266
info|2019-11-13 07:00:08.334658|[g:1][CONSENSUS][PBFT]checkAndChangeView: Reach consensus,org_view=1126,org_changeCycle=0,cur_changeCycle=0,to_view=1127
info|2019-11-13 07:00:09.333940|[g:1][CONSENSUS]addRawPrepare,height=7,reqIdx=3,hash=a46e289d...
info|2019-11-13 07:00:09.334333|[g:1][CONSENSUS][PBFT]checkTimeout Succ,view=1127,toView=1128,nodeIdx=2,changeCycle=0,myNode=6b4270c6...,timecost=0.297
info|2019-11-13 07:00:09.346194|[g:1][CONSENSUS][PBFT]checkAndChangeView: Reach consensus,org_view=1127,org_changeCycle=0,cur_changeCycle=0,to_view=1128
info|2019-11-13 07:00:10.351327|[g:1][CONSENSUS]addRawPrepare,height=7,reqIdx=4,hash=99c2cad3...
info|2019-11-13 07:00:10.351630|[g:1][CONSENSUS][PBFT]checkTimeout Succ,view=1128,toView=1129,nodeIdx=2,changeCycle=0,myNode=6b4270c6...,timecost=0.269
info|2019-11-13 07:00:10.355837|[g:1][CONSENSUS][PBFT]checkAndChangeView: Reach consensus,org_view=1128,org_changeCycle=0,cur_changeCycle=0,to_view=1129
info|2019-11-13 07:00:11.363319|[g:1][CONSENSUS]addRawPrepare,height=7,reqIdx=0,hash=ce976d4b...
info|2019-11-13 07:00:11.371493|[g:1][CONSENSUS][PBFT]checkTimeout Succ,view=1129,toView=1130,nodeIdx=2,changeCycle=0,myNode=6b4270c6...,timecost=8.15
info|2019-11-13 07:00:11.376088|[g:1][CONSENSUS][PBFT]checkAndChangeView: Reach consensus,org_view=1129,org_changeCycle=0,cur_changeCycle=0,to_view=1130
info|2019-11-13 07:00:12.386109|[g:1][CONSENSUS]addRawPrepare,height=7,reqIdx=1,hash=854dd223...
info|2019-11-13 07:00:12.386439|[g:1][CONSENSUS][PBFT]checkTimeout Succ,view=1130,toView=1131,nodeIdx=2,changeCycle=0,myNode=6b4270c6...,timecost=0.3
info|2019-11-13 07:00:12.394583|[g:1][CONSENSUS][PBFT]checkAndChangeView: Reach consensus,org_view=1130,org_changeCycle=0,cur_changeCycle=0,to_view=1131
info|2019-11-13 07:00:13.549985|[g:1][CONSENSUS][SEALER]++++++++++++++++ Generating seal on,blkNum=7,tx=0,nodeIdx=2,hash=9ddda415...
info|2019-11-13 07:00:13.574201|[g:1][CONSENSUS][PBFT]checkTimeout Succ,view=1131,toView=1132,nodeIdx=2,changeCycle=0,myNode=6b4270c6...,timecost=0.591
info|2019-11-13 07:00:13.576125|[g:1][CONSENSUS][PBFT]checkAndChangeView: Reach consensus,org_view=1131,org_changeCycle=0,cur_changeCycle=0,to_view=1132
info|2019-11-13 07:00:14.585593|[g:1][CONSENSUS]addRawPrepare,height=7,reqIdx=3,hash=7a376a4c...
info|2019-11-13 07:00:14.586002|[g:1][CONSENSUS][PBFT]checkTimeout Succ,view=1132,toView=1133,nodeIdx=2,changeCycle=0,myNode=6b4270c6...,timecost=0.293
info|2019-11-13 07:00:14.598053|[g:1][CONSENSUS][PBFT]checkAndChangeView: Reach consensus,org_view=1132,org_changeCycle=0,cur_changeCycle=0,to_view=1133
info|2019-11-13 07:00:14.614784|[P2P][Service] heartBeat,connected count=4
info|2019-11-13 07:00:15.601984|[g:1][CONSENSUS]addRawPrepare,height=7,reqIdx=4,hash=e4cc2ec4...
info|2019-11-13 07:00:15.619804|[g:1][CONSENSUS][PBFT]checkTimeout Succ,view=1133,toView=1134,nodeIdx=2,changeCycle=0,myNode=6b4270c6...,timecost=17.803
info|2019-11-13 07:00:15.628701|[g:1][CONSENSUS][PBFT]checkAndChangeView: Reach consensus,org_view=1133,org_changeCycle=0,cur_changeCycle=0,to_view=1134
info|2019-11-13 07:00:16.635626|[g:1][CONSENSUS]addRawPrepare,height=7,reqIdx=0,hash=6ef4c4cc...
info|2019-11-13 07:00:16.638097|[g:1][CONSENSUS][PBFT]checkTimeout Succ,view=1134,toView=1135,nodeIdx=2,changeCycle=0,myNode=6b4270c6...,timecost=2.445
info|2019-11-13 07:00:16.644257|[g:1][CONSENSUS][PBFT]checkAndChangeView: Reach consensus,org_view=1134,org_changeCycle=0,cur_changeCycle=0,to_view=1135
