
  .   ____          _            __ _ _
 /\\ / ___'_ __ _ _(_)_ __  __ _ \ \ \ \
( ( )\___ | '_ | '_| | '_ \/ _` | \ \ \ \
 \\/  ___)| |_)| | | | | || (_| |  ) ) ) )
  '  |____| .__|_| |_|_| |_\__, | / / / /
 =========|_|==============|___/=/_/_/_/
 :: Spring Boot ::        (v1.5.9.RELEASE)

Dec 13, 2019 9:19:06 PM org.apache.catalina.core.StandardService startInternal
INFO: Starting service [Tomcat]
Dec 13, 2019 9:19:06 PM org.apache.catalina.core.StandardEngine startInternal
INFO: Starting Servlet Engine: Apache Tomcat/8.5.23
Dec 13, 2019 9:19:06 PM org.apache.catalina.core.ApplicationContext log
INFO: Initializing Spring embedded WebApplicationContext
Dec 13, 2019 9:19:20 PM org.apache.coyote.AbstractProtocol init
INFO: Initializing ProtocolHandler ["http-nio-5002"]
Dec 13, 2019 9:19:20 PM org.apache.coyote.AbstractProtocol start
INFO: Starting ProtocolHandler ["http-nio-5002"]
Dec 13, 2019 9:19:20 PM org.apache.tomcat.util.net.NioSelectorPool getSharedSelector
INFO: Using a shared selector for servlet write/read
Dec 13, 2019 9:21:09 PM org.apache.catalina.core.ApplicationContext log
INFO: Initializing Spring FrameworkServlet 'dispatcherServlet'
****332
****332
****332
****332
****332
****332
****332
****332
****332
****332
****332
****332
****332
****332
****332
****332
****332
****332
****332
****332
****332
****332
****332
****332
****332
****332
****332
****332
****332
****332
****332
****332
****332
****332
****332
****332
****332
****332
****332
****332
****332
****332
****332
****332
****332
****332
****332
****332
****332
****332
****332
****332
****332
****332
****332
****332
****332
****332
****332
****332
****332
****332
****332
****332
****332
****332
****332
****332
****332
****332
****332
****332
****332
****332
****332
****332
****332
****332
****332
****332
****332
****332
****332
****332
****332
****332
****332
****332
****332
****332
****332
****332
****332
****332
****332
****332
****332
****332
****332
****332
****332
****332
****332
****332
****332
****332
****332
****332
****332
****332
****332
****332
****332
****332
****332
****332
****332
****332
****332
****332
****332
****332
****332
****332
****332
****332
****332
****332
****332
****332
****332
****332
****332
****332
****332
****332
****332
****332
****332
****332
****332
****332
****332
****332
****332
****332
****332
****332
****332
****332
****332
****332
****332
****332
****332
****332
****332
****332
****332
****332
****332
****332
****332
****332
****332
****332
****332
****332
****332
****332
****332
****332
****332
****332
****332
****332
****332
****332
****332
****332
****332
****332
****332
****332
****332
****332
****332
****332
****332
****332
****332
****332
****332
****332
****332
****332
****332
****332
****332
****332
****332
****332
****332
****332
****332
****332
****332
****332
****332
****332
****332
****332
****332
****332
****332
****332
****332
****332
****332
****332
****332
****332
****332
****332
****332
****332
****332
****332
****332
****332
****332
****332
****332
****332
****332
****332
****332
****332
****332
****332
****332
****332
****332
****332
****332
****332
****332
****332
****332
****332
****332
****332
****332
****332
****332
****332
****332
****332
****332
****332
****332
****332
****332
****332
****332
****332
****332
****332
****332
****332
****332
****332
****332
****332
****332
****332
****332
****332
****332
****332
****332
****332
****332
****332
****332
****332
****332
****332
****332
****332
****332
****332
****332
****332
****332
****332
****332
****332
****332
****332
****332
****332
****332
****332
****332
****332
****332
****332
****332
****332
****332
****332
****332
****332
****332
****332
****332
****332
****332
****332
****332
****332
****332
****332
****332
****332
****332
****332
****332
****332
****332
****332
****332
