info|2019-11-13 07:00:00.205210|[g:1][CONSENSUS][SEALER]++++++++++++++++ Generating seal on,blkNum=7,tx=0,nodeIdx=4,hash=4f248f1a...
info|2019-11-13 07:00:00.222953|[g:1][CONSENSUS][PBFT]checkTimeout Succ,view=1118,toView=1119,nodeIdx=4,changeCycle=0,myNode=dbd44710...,timecost=0.264
info|2019-11-13 07:00:00.224780|[g:1][CONSENSUS][PBFT]checkAndChangeView: Reach consensus,org_view=1118,org_changeCycle=0,cur_changeCycle=0,to_view=1119
info|2019-11-13 07:00:01.221065|[g:1][CONSENSUS]addRawPrepare,height=7,reqIdx=0,hash=d24cd84d...
info|2019-11-13 07:00:01.221437|[g:1][CONSENSUS][PBFT]checkTimeout Succ,view=1119,toView=1120,nodeIdx=4,changeCycle=0,myNode=dbd44710...,timecost=0.254
info|2019-11-13 07:00:01.228756|[g:1][CONSENSUS][PBFT]checkAndChangeView: Reach consensus,org_view=1119,org_changeCycle=0,cur_changeCycle=0,to_view=1120
info|2019-11-13 07:00:02.237110|[g:1][CONSENSUS][PBFT]Trigger fast-viewchange,view=1120,toView=1120,minView=1121,INFO=,reqNum=6,curNum=6,GenIdx=0,Cview=1121,view=1120,fromIdx=0,fromNode=0af55648...,fromIp=127.0.0.1:30301,hash=ffd39756...,nodeIdx=4,myNode=dbd44710...
info|2019-11-13 07:00:02.237420|[g:1][CONSENSUS][PBFT]checkTimeout Succ,view=1120,toView=1121,nodeIdx=4,changeCycle=0,myNode=dbd44710...,timecost=0.244
info|2019-11-13 07:00:02.241723|[g:1][CONSENSUS][PBFT]checkAndChangeView: Reach consensus,org_view=1120,org_changeCycle=0,cur_changeCycle=0,to_view=1121
info|2019-11-13 07:00:03.245234|[g:1][CONSENSUS]addRawPrepare,height=7,reqIdx=2,hash=6a256c21...
info|2019-11-13 07:00:03.245580|[g:1][CONSENSUS][PBFT]checkTimeout Succ,view=1121,toView=1122,nodeIdx=4,changeCycle=0,myNode=dbd44710...,timecost=0.244
info|2019-11-13 07:00:03.255162|[g:1][CONSENSUS][PBFT]checkAndChangeView: Reach consensus,org_view=1121,org_changeCycle=0,cur_changeCycle=0,to_view=1122
info|2019-11-13 07:00:04.262861|[g:1][CONSENSUS]addRawPrepare,height=7,reqIdx=3,hash=2135ee66...
info|2019-11-13 07:00:04.263353|[g:1][CONSENSUS][PBFT]checkTimeout Succ,view=1122,toView=1123,nodeIdx=4,changeCycle=0,myNode=dbd44710...,timecost=0.449
info|2019-11-13 07:00:04.272478|[g:1][CONSENSUS][PBFT]checkAndChangeView: Reach consensus,org_view=1122,org_changeCycle=0,cur_changeCycle=0,to_view=1123
info|2019-11-13 07:00:04.609502|[P2P][Service] heartBeat,connected count=4
info|2019-11-13 07:00:05.276418|[g:1][CONSENSUS][SEALER]++++++++++++++++ Generating seal on,blkNum=7,tx=0,nodeIdx=4,hash=3096349c...
info|2019-11-13 07:00:05.291514|[g:1][CONSENSUS][PBFT]checkTimeout Succ,view=1123,toView=1124,nodeIdx=4,changeCycle=0,myNode=dbd44710...,timecost=0.271
info|2019-11-13 07:00:05.293796|[g:1][CONSENSUS][PBFT]checkAndChangeView: Reach consensus,org_view=1123,org_changeCycle=0,cur_changeCycle=0,to_view=1124
info|2019-11-13 07:00:06.290401|[g:1][CONSENSUS]addRawPrepare,height=7,reqIdx=0,hash=60bfdc02...
info|2019-11-13 07:00:06.290773|[g:1][CONSENSUS][PBFT]checkTimeout Succ,view=1124,toView=1125,nodeIdx=4,changeCycle=0,myNode=dbd44710...,timecost=0.253
info|2019-11-13 07:00:06.298815|[g:1][CONSENSUS][PBFT]checkAndChangeView: Reach consensus,org_view=1124,org_changeCycle=0,cur_changeCycle=0,to_view=1125
info|2019-11-13 07:00:07.307019|[g:1][CONSENSUS]addRawPrepare,height=7,reqIdx=1,hash=eaa36770...
info|2019-11-13 07:00:07.307366|[g:1][CONSENSUS][PBFT]checkTimeout Succ,view=1125,toView=1126,nodeIdx=4,changeCycle=0,myNode=dbd44710...,timecost=0.315
info|2019-11-13 07:00:07.313529|[g:1][CONSENSUS][PBFT]checkAndChangeView: Reach consensus,org_view=1125,org_changeCycle=0,cur_changeCycle=0,to_view=1126
info|2019-11-13 07:00:08.318010|[g:1][CONSENSUS]addRawPrepare,height=7,reqIdx=2,hash=6c1b8081...
info|2019-11-13 07:00:08.323030|[g:1][CONSENSUS][PBFT]checkTimeout Succ,view=1126,toView=1127,nodeIdx=4,changeCycle=0,myNode=dbd44710...,timecost=4.926
info|2019-11-13 07:00:08.328258|[g:1][CONSENSUS][PBFT]checkAndChangeView: Reach consensus,org_view=1126,org_changeCycle=0,cur_changeCycle=0,to_view=1127
info|2019-11-13 07:00:09.335931|[g:1][CONSENSUS]addRawPrepare,height=7,reqIdx=3,hash=a46e289d...
info|2019-11-13 07:00:09.336255|[g:1][CONSENSUS][PBFT]checkTimeout Succ,view=1127,toView=1128,nodeIdx=4,changeCycle=0,myNode=dbd44710...,timecost=0.3
info|2019-11-13 07:00:09.347397|[g:1][CONSENSUS][PBFT]checkAndChangeView: Reach consensus,org_view=1127,org_changeCycle=0,cur_changeCycle=0,to_view=1128
info|2019-11-13 07:00:10.347212|[g:1][CONSENSUS][SEALER]++++++++++++++++ Generating seal on,blkNum=7,tx=0,nodeIdx=4,hash=99c2cad3...
info|2019-11-13 07:00:10.361813|[g:1][CONSENSUS][PBFT]checkTimeout Succ,view=1128,toView=1129,nodeIdx=4,changeCycle=0,myNode=dbd44710...,timecost=0.266
info|2019-11-13 07:00:10.363855|[g:1][CONSENSUS][PBFT]checkAndChangeView: Reach consensus,org_view=1128,org_changeCycle=0,cur_changeCycle=0,to_view=1129
info|2019-11-13 07:00:11.360510|[g:1][CONSENSUS]addRawPrepare,height=7,reqIdx=0,hash=ce976d4b...
info|2019-11-13 07:00:11.366549|[g:1][CONSENSUS][PBFT]checkTimeout Succ,view=1129,toView=1130,nodeIdx=4,changeCycle=0,myNode=dbd44710...,timecost=5.908
info|2019-11-13 07:00:11.377964|[g:1][CONSENSUS][PBFT]checkAndChangeView: Reach consensus,org_view=1129,org_changeCycle=0,cur_changeCycle=0,to_view=1130
info|2019-11-13 07:00:12.389372|[g:1][CONSENSUS]addRawPrepare,height=7,reqIdx=1,hash=854dd223...
info|2019-11-13 07:00:12.392579|[g:1][CONSENSUS][PBFT]checkTimeout Succ,view=1130,toView=1131,nodeIdx=4,changeCycle=0,myNode=dbd44710...,timecost=3.174
info|2019-11-13 07:00:12.395614|[g:1][CONSENSUS][PBFT]checkAndChangeView: Reach consensus,org_view=1130,org_changeCycle=0,cur_changeCycle=0,to_view=1131
info|2019-11-13 07:00:13.553844|[g:1][CONSENSUS]addRawPrepare,height=7,reqIdx=2,hash=9ddda415...
info|2019-11-13 07:00:13.565709|[g:1][CONSENSUS][PBFT]checkTimeout Succ,view=1131,toView=1132,nodeIdx=4,changeCycle=0,myNode=dbd44710...,timecost=9.72
info|2019-11-13 07:00:13.578492|[g:1][CONSENSUS][PBFT]checkAndChangeView: Reach consensus,org_view=1131,org_changeCycle=0,cur_changeCycle=0,to_view=1132
info|2019-11-13 07:00:14.588912|[g:1][CONSENSUS]addRawPrepare,height=7,reqIdx=3,hash=7a376a4c...
info|2019-11-13 07:00:14.589247|[g:1][CONSENSUS][PBFT]checkTimeout Succ,view=1132,toView=1133,nodeIdx=4,changeCycle=0,myNode=dbd44710...,timecost=0.308
info|2019-11-13 07:00:14.594715|[g:1][CONSENSUS][PBFT]checkAndChangeView: Reach consensus,org_view=1132,org_changeCycle=0,cur_changeCycle=0,to_view=1133
info|2019-11-13 07:00:14.609615|[P2P][Service] heartBeat,connected count=4
info|2019-11-13 07:00:15.598392|[g:1][CONSENSUS][SEALER]++++++++++++++++ Generating seal on,blkNum=7,tx=0,nodeIdx=4,hash=e4cc2ec4...
info|2019-11-13 07:00:15.636204|[g:1][CONSENSUS][PBFT]checkTimeout Succ,view=1133,toView=1134,nodeIdx=4,changeCycle=0,myNode=dbd44710...,timecost=0.276
info|2019-11-13 07:00:15.638104|[g:1][CONSENSUS][PBFT]checkAndChangeView: Reach consensus,org_view=1133,org_changeCycle=0,cur_changeCycle=0,to_view=1134
info|2019-11-13 07:00:16.633193|[g:1][CONSENSUS]addRawPrepare,height=7,reqIdx=0,hash=6ef4c4cc...
info|2019-11-13 07:00:16.633585|[g:1][CONSENSUS][PBFT]checkTimeout Succ,view=1134,toView=1135,nodeIdx=4,changeCycle=0,myNode=dbd44710...,timecost=0.287
info|2019-11-13 07:00:16.641102|[g:1][CONSENSUS][PBFT]checkAndChangeView: Reach consensus,org_view=1134,org_changeCycle=0,cur_changeCycle=0,to_view=1135
