info|2019-11-13 07:00:00.206875|[g:1][CONSENSUS]addRawPrepare,height=7,reqIdx=4,hash=4f248f1a...
info|2019-11-13 07:00:00.214744|[g:1][CONSENSUS][PBFT]checkTimeout Succ,view=1118,toView=1119,nodeIdx=0,changeCycle=0,myNode=0af55648...,timecost=7.771
info|2019-11-13 07:00:00.219136|[g:1][CONSENSUS][PBFT]checkAndChangeView: Reach consensus,org_view=1118,org_changeCycle=0,cur_changeCycle=0,to_view=1119
info|2019-11-13 07:00:01.220192|[g:1][CONSENSUS][SEALER]++++++++++++++++ Generating seal on,blkNum=7,tx=0,nodeIdx=0,hash=d24cd84d...
info|2019-11-13 07:00:01.235630|[g:1][CONSENSUS][PBFT]checkTimeout Succ,view=1119,toView=1120,nodeIdx=0,changeCycle=0,myNode=0af55648...,timecost=0.314
info|2019-11-13 07:00:01.237001|[g:1][CONSENSUS][PBFT]checkAndChangeView: Reach consensus,org_view=1119,org_changeCycle=0,cur_changeCycle=0,to_view=1120
info|2019-11-13 07:00:02.235714|[g:1][CONSENSUS]addRawPrepare,height=7,reqIdx=1,hash=eb4d25dd...
info|2019-11-13 07:00:02.236036|[g:1][CONSENSUS][PBFT]checkTimeout Succ,view=1120,toView=1121,nodeIdx=0,changeCycle=0,myNode=0af55648...,timecost=0.296
info|2019-11-13 07:00:02.242752|[g:1][CONSENSUS][PBFT]checkAndChangeView: Reach consensus,org_view=1120,org_changeCycle=0,cur_changeCycle=0,to_view=1121
info|2019-11-13 07:00:03.249305|[g:1][CONSENSUS][PBFT]Trigger fast-viewchange,view=1121,toView=1121,minView=1122,INFO=,reqNum=6,curNum=6,GenIdx=1,Cview=1122,view=1121,fromIdx=1,fromNode=3ef0811b...,fromIp=127.0.0.1:30300,hash=ffd39756...,nodeIdx=0,myNode=0af55648...
info|2019-11-13 07:00:03.249614|[g:1][CONSENSUS][PBFT]checkTimeout Succ,view=1121,toView=1122,nodeIdx=0,changeCycle=0,myNode=0af55648...,timecost=0.245
info|2019-11-13 07:00:03.250066|[g:1][CONSENSUS][PBFT]checkAndChangeView: Reach consensus,org_view=1121,org_changeCycle=0,cur_changeCycle=0,to_view=1122
info|2019-11-13 07:00:04.261138|[g:1][CONSENSUS]addRawPrepare,height=7,reqIdx=3,hash=2135ee66...
info|2019-11-13 07:00:04.261560|[g:1][CONSENSUS][PBFT]checkTimeout Succ,view=1122,toView=1123,nodeIdx=0,changeCycle=0,myNode=0af55648...,timecost=0.371
info|2019-11-13 07:00:04.271277|[g:1][CONSENSUS][PBFT]checkAndChangeView: Reach consensus,org_view=1122,org_changeCycle=0,cur_changeCycle=0,to_view=1123
info|2019-11-13 07:00:04.628025|[P2P][Service] heartBeat,connected count=4
info|2019-11-13 07:00:05.277327|[g:1][CONSENSUS]addRawPrepare,height=7,reqIdx=4,hash=3096349c...
info|2019-11-13 07:00:05.277696|[g:1][CONSENSUS][PBFT]checkTimeout Succ,view=1123,toView=1124,nodeIdx=0,changeCycle=0,myNode=0af55648...,timecost=0.251
info|2019-11-13 07:00:05.284739|[g:1][CONSENSUS][PBFT]checkAndChangeView: Reach consensus,org_view=1123,org_changeCycle=0,cur_changeCycle=0,to_view=1124
info|2019-11-13 07:00:06.289508|[g:1][CONSENSUS][SEALER]++++++++++++++++ Generating seal on,blkNum=7,tx=0,nodeIdx=0,hash=60bfdc02...
info|2019-11-13 07:00:06.306218|[g:1][CONSENSUS][PBFT]checkTimeout Succ,view=1124,toView=1125,nodeIdx=0,changeCycle=0,myNode=0af55648...,timecost=0.271
info|2019-11-13 07:00:06.307578|[g:1][CONSENSUS][PBFT]checkAndChangeView: Reach consensus,org_view=1124,org_changeCycle=0,cur_changeCycle=0,to_view=1125
info|2019-11-13 07:00:07.305784|[g:1][CONSENSUS]addRawPrepare,height=7,reqIdx=1,hash=eaa36770...
info|2019-11-13 07:00:07.306268|[g:1][CONSENSUS][PBFT]checkTimeout Succ,view=1125,toView=1126,nodeIdx=0,changeCycle=0,myNode=0af55648...,timecost=0.436
info|2019-11-13 07:00:07.311871|[g:1][CONSENSUS][PBFT]checkAndChangeView: Reach consensus,org_view=1125,org_changeCycle=0,cur_changeCycle=0,to_view=1126
info|2019-11-13 07:00:08.319295|[g:1][CONSENSUS]addRawPrepare,height=7,reqIdx=2,hash=6c1b8081...
info|2019-11-13 07:00:08.319726|[g:1][CONSENSUS][PBFT]checkTimeout Succ,view=1126,toView=1127,nodeIdx=0,changeCycle=0,myNode=0af55648...,timecost=0.388
info|2019-11-13 07:00:08.330378|[g:1][CONSENSUS][PBFT]checkAndChangeView: Reach consensus,org_view=1126,org_changeCycle=0,cur_changeCycle=0,to_view=1127
info|2019-11-13 07:00:09.337803|[g:1][CONSENSUS]addRawPrepare,height=7,reqIdx=3,hash=a46e289d...
info|2019-11-13 07:00:09.338104|[g:1][CONSENSUS][PBFT]checkTimeout Succ,view=1127,toView=1128,nodeIdx=0,changeCycle=0,myNode=0af55648...,timecost=0.265
info|2019-11-13 07:00:09.349289|[g:1][CONSENSUS][PBFT]checkAndChangeView: Reach consensus,org_view=1127,org_changeCycle=0,cur_changeCycle=0,to_view=1128
info|2019-11-13 07:00:10.348167|[g:1][CONSENSUS]addRawPrepare,height=7,reqIdx=4,hash=99c2cad3...
info|2019-11-13 07:00:10.348629|[g:1][CONSENSUS][PBFT]checkTimeout Succ,view=1128,toView=1129,nodeIdx=0,changeCycle=0,myNode=0af55648...,timecost=0.367
info|2019-11-13 07:00:10.358556|[g:1][CONSENSUS][PBFT]checkAndChangeView: Reach consensus,org_view=1128,org_changeCycle=0,cur_changeCycle=0,to_view=1129
info|2019-11-13 07:00:11.359646|[g:1][CONSENSUS][SEALER]++++++++++++++++ Generating seal on,blkNum=7,tx=0,nodeIdx=0,hash=ce976d4b...
info|2019-11-13 07:00:11.384095|[g:1][CONSENSUS][PBFT]checkTimeout Succ,view=1129,toView=1130,nodeIdx=0,changeCycle=0,myNode=0af55648...,timecost=0.442
info|2019-11-13 07:00:11.386915|[g:1][CONSENSUS][PBFT]checkAndChangeView: Reach consensus,org_view=1129,org_changeCycle=0,cur_changeCycle=0,to_view=1130
info|2019-11-13 07:00:12.386999|[g:1][CONSENSUS]addRawPrepare,height=7,reqIdx=1,hash=854dd223...
info|2019-11-13 07:00:12.388632|[g:1][CONSENSUS][PBFT]checkTimeout Succ,view=1130,toView=1131,nodeIdx=0,changeCycle=0,myNode=0af55648...,timecost=1.607
info|2019-11-13 07:00:12.394026|[g:1][CONSENSUS][PBFT]checkAndChangeView: Reach consensus,org_view=1130,org_changeCycle=0,cur_changeCycle=0,to_view=1131
info|2019-11-13 07:00:13.562537|[g:1][CONSENSUS]addRawPrepare,height=7,reqIdx=2,hash=9ddda415...
info|2019-11-13 07:00:13.571315|[g:1][CONSENSUS][PBFT]checkTimeout Succ,view=1131,toView=1132,nodeIdx=0,changeCycle=0,myNode=0af55648...,timecost=8.28
info|2019-11-13 07:00:13.580807|[g:1][CONSENSUS][PBFT]checkAndChangeView: Reach consensus,org_view=1131,org_changeCycle=0,cur_changeCycle=0,to_view=1132
info|2019-11-13 07:00:14.587950|[g:1][CONSENSUS]addRawPrepare,height=7,reqIdx=3,hash=7a376a4c...
info|2019-11-13 07:00:14.590240|[g:1][CONSENSUS][PBFT]checkTimeout Succ,view=1132,toView=1133,nodeIdx=0,changeCycle=0,myNode=0af55648...,timecost=2.263
info|2019-11-13 07:00:14.591786|[g:1][CONSENSUS][PBFT]checkAndChangeView: Reach consensus,org_view=1132,org_changeCycle=0,cur_changeCycle=0,to_view=1133
info|2019-11-13 07:00:14.628194|[P2P][Service] heartBeat,connected count=4
info|2019-11-13 07:00:15.600776|[g:1][CONSENSUS]addRawPrepare,height=7,reqIdx=4,hash=e4cc2ec4...
info|2019-11-13 07:00:15.601138|[g:1][CONSENSUS][PBFT]checkTimeout Succ,view=1133,toView=1134,nodeIdx=0,changeCycle=0,myNode=0af55648...,timecost=0.252
info|2019-11-13 07:00:15.631367|[g:1][CONSENSUS][PBFT]checkAndChangeView: Reach consensus,org_view=1133,org_changeCycle=0,cur_changeCycle=0,to_view=1134
info|2019-11-13 07:00:16.632382|[g:1][CONSENSUS][SEALER]++++++++++++++++ Generating seal on,blkNum=7,tx=0,nodeIdx=0,hash=6ef4c4cc...
info|2019-11-13 07:00:16.648422|[g:1][CONSENSUS][PBFT]checkTimeout Succ,view=1134,toView=1135,nodeIdx=0,changeCycle=0,myNode=0af55648...,timecost=0.308
info|2019-11-13 07:00:16.650754|[g:1][CONSENSUS][PBFT]checkAndChangeView: Reach consensus,org_view=1134,org_changeCycle=0,cur_changeCycle=0,to_view=1135
